AndroidWear/ElizaChat-Sample/Application/build/outputs/logs/manifest-merger-debug-report.txt
-- Merging decision tree log ---
manifest
ADDED from src/main/AndroidManifest.xml:17:1-45:12
	package
		ADDED from src/main/AndroidManifest.xml:18:5-53
	xmlns:android
		ADDED from src/main/AndroidManifest.xml:17:11-69
uses-sdk
ADDED from src/main/AndroidManifest.xml:20:5-21:47
MERGED from [com.android.support:support-v4:23.3.0] AndroidManifest.xml:20:5-43
MERGED from [com.android.support:support-v13:23.3.0] AndroidManifest.xml:20:5-44
MERGED from [com.android.support:support-v4:23.3.0] AndroidManifest.xml:20:5-43
MERGED from [com.android.support:cardview-v7:23.3.0] AndroidManifest.xml:20:5-43
	android:targetSdkVersion
		ADDED from src/main/AndroidManifest.xml:21:15-44
		INJECTED from src/main/AndroidManifest.xml
		INJECTED from src/main/AndroidManifest.xml
	android:minSdkVersion
		ADDED from src/main/AndroidManifest.xml:20:15-41
		INJECTED from src/main/AndroidManifest.xml
		INJECTED from src/main/AndroidManifest.xml
application
ADDED from src/main/AndroidManifest.xml:23:5-43:19
MERGED from [com.android.support:support-v4:23.3.0] AndroidManifest.xml:22:5-20
MERGED from [com.android.support:support-v13:23.3.0] AndroidManifest.xml:22:5-20
MERGED from [com.android.support:support-v4:23.3.0] AndroidManifest.xml:22:5-20
MERGED from [com.android.support:cardview-v7:23.3.0] AndroidManifest.xml:22:5-20
	android:label
		ADDED from src/main/AndroidManifest.xml:26:9-41
	android:allowBackup
		ADDED from src/main/AndroidManifest.xml:24:9-35
	android:icon
		ADDED from src/main/AndroidManifest.xml:25:9-44
	android:theme
		ADDED from src/main/AndroidManifest.xml:27:9-40
activity#com.example.android.wearable.elizachat.MainActivity
ADDED from src/main/AndroidManifest.xml:28:9-35:20
	android:label
		ADDED from src/main/AndroidManifest.xml:30:13-45
	android:name
		ADDED from src/main/AndroidManifest.xml:29:13-41
intent-filter#android.intent.action.MAIN+android.intent.category.LAUNCHER
ADDED from src/main/AndroidManifest.xml:31:13-34:29
action#android.intent.action.MAIN
ADDED from src/main/AndroidManifest.xml:32:17-69
	android:name
		ADDED from src/main/AndroidManifest.xml:32:25-66
category#android.intent.category.LAUNCHER
ADDED from src/main/AndroidManifest.xml:33:17-77
	android:name
		ADDED from src/main/AndroidManifest.xml:33:27-74
service#com.example.android.wearable.elizachat.ResponderService
ADDED from src/main/AndroidManifest.xml:36:9-42:19
	android:name
		ADDED from src/main/AndroidManifest.xml:37:13-45
intent-filter#com.example.android.wearable.elizachat.CONVERSATION+com.example.android.wearable.elizachat.REPLY
ADDED from src/main/AndroidManifest.xml:38:13-41:29
action#com.example.android.wearable.elizachat.REPLY
ADDED from src/main/AndroidManifest.xml:39:17-87
	android:name
		ADDED from src/main/AndroidManifest.xml:39:25-84
action#com.example.android.wearable.elizachat.CONVERSATION
ADDED from src/main/AndroidManifest.xml:40:17-94
	android:name
		ADDED from src/main/AndroidManifest.xml:40:25-91